TN:
SF:src/setupTests.js
FNF:0
FNH:0
LF:0
LH:0
BRF:0
BRH:0
end_of_record
TN:
SF:src/helpers/selectors.js
FN:1,getAppointmentsForDay
FN:2,(anonymous_1)
FN:6,(anonymous_2)
FN:9,getInterviewersForDay
FN:10,(anonymous_4)
FN:14,(anonymous_5)
FN:17,getInterview
FNF:7
FNH:7
FNDA:5,getAppointmentsForDay
FNDA:6,(anonymous_1)
FNDA:8,(anonymous_2)
FNDA:5,getInterviewersForDay
FNDA:6,(anonymous_4)
FNDA:6,(anonymous_5)
FNDA:2,getInterview
DA:2,6
DA:4,5
DA:6,8
DA:10,6
DA:12,5
DA:14,6
DA:18,2
LF:7
LH:7
BRDA:4,0,0,2
BRDA:4,0,1,3
BRDA:4,1,0,5
BRDA:4,1,1,4
BRDA:12,2,0,2
BRDA:12,2,1,3
BRDA:12,3,0,5
BRDA:12,3,1,4
BRDA:19,4,0,2
BRDA:19,4,1,1
BRF:10
BRH:10
end_of_record
TN:
SF:src/hooks/useApplicationData.js
FN:11,useApplicationData
FN:19,(anonymous_1)
FN:21,(anonymous_2)
FN:27,(anonymous_3)
FN:37,bookInterview
FN:38,(anonymous_5)
FN:47,cancelInterview
FN:48,(anonymous_7)
FNF:8
FNH:0
FNDA:0,useApplicationData
FNDA:0,(anonymous_1)
FNDA:0,(anonymous_2)
FNDA:0,(anonymous_3)
FNDA:0,bookInterview
FNDA:0,(anonymous_5)
FNDA:0,cancelInterview
FNDA:0,(anonymous_7)
DA:12,0
DA:19,0
DA:21,0
DA:22,0
DA:28,0
DA:38,0
DA:39,0
DA:48,0
DA:49,0
DA:57,0
LF:10
LH:0
BRF:0
BRH:0
end_of_record
TN:
SF:src/hooks/useRealtimeUpdate.js
FN:4,useRealtimeUpdate
FN:5,(anonymous_1)
FN:8,(anonymous_2)
FN:16,(anonymous_3)
FNF:4
FNH:0
FNDA:0,useRealtimeUpdate
FNDA:0,(anonymous_1)
FNDA:0,(anonymous_2)
FNDA:0,(anonymous_3)
DA:5,0
DA:6,0
DA:8,0
DA:9,0
DA:11,0
DA:12,0
DA:16,0
DA:17,0
LF:8
LH:0
BRDA:11,0,0,0
BRDA:11,0,1,0
BRDA:11,1,0,0
BRDA:11,1,1,0
BRF:4
BRH:0
end_of_record
TN:
SF:src/hooks/useVisualMode.js
FN:4,useVisualMode
FN:7,transition
FN:8,(anonymous_2)
FN:15,back
FN:16,(anonymous_4)
FNF:5
FNH:5
FNDA:12,useVisualMode
FNDA:5,transition
FNDA:5,(anonymous_2)
FNDA:4,back
FNDA:4,(anonymous_4)
DA:5,12
DA:8,5
DA:9,5
DA:16,4
DA:17,4
DA:19,3
DA:23,12
LF:7
LH:7
BRDA:7,0,0,4
BRDA:9,1,0,1
BRDA:9,1,1,4
BRDA:17,2,0,1
BRDA:17,2,1,3
BRF:5
BRH:5
end_of_record
TN:
SF:src/reducers/application.js
FN:5,reducer
FN:27,(anonymous_1)
FN:30,(anonymous_2)
FN:34,(anonymous_3)
FNF:4
FNH:1
FNDA:1,reducer
FNDA:0,(anonymous_1)
FNDA:0,(anonymous_2)
FNDA:0,(anonymous_3)
DA:1,1
DA:2,1
DA:3,1
DA:6,1
DA:8,0
DA:10,0
DA:17,0
DA:22,0
DA:27,0
DA:28,0
DA:30,0
DA:34,0
DA:35,0
DA:43,0
DA:50,1
LF:15
LH:5
BRDA:6,0,0,0
BRDA:6,0,1,0
BRDA:6,0,2,0
BRDA:6,0,3,1
BRDA:19,1,0,0
BRDA:19,1,1,0
BRDA:30,2,0,0
BRDA:30,2,1,0
BRDA:35,3,0,0
BRDA:35,3,1,0
BRF:10
BRH:1
end_of_record
